This is pdfTeX, Version 3.1415926-2.5-1.40.14 (TeX Live 2013/Debian) (format=pdflatex 2015.1.18)  28 OCT 2015 17:43
entering extended mode
 restricted \write18 enabled.
 %&-line parsing enabled.
**thesis_walton.tex
(./thesis_walton.tex
LaTeX2e <2011/06/27>
Babel <3.9h> and hyphenation patterns for 78 languages loaded.
(./csuthesis.cls
Document Class: csuthesis 2014/03/07 Colorado State University Thesis class
(/usr/share/texlive/texmf-dist/tex/latex/amscls/amsbook.cls
Document Class: amsbook 2009/07/02 v2.20.1
\linespacing=\dimen102
\normalparindent=\dimen103
\normaltopskip=\skip41
(/usr/share/texlive/texmf-dist/tex/latex/amsmath/amsmath.sty
Package: amsmath 2013/01/14 v2.14 AMS math features
\@mathmargin=\skip42

For additional information on amsmath, use the `?' option.
(/usr/share/texlive/texmf-dist/tex/latex/amsmath/amstext.sty
Package: amstext 2000/06/29 v2.01

(/usr/share/texlive/texmf-dist/tex/latex/amsmath/amsgen.sty
File: amsgen.sty 1999/11/30 v2.0
\@emptytoks=\toks14
\ex@=\dimen104
))
(/usr/share/texlive/texmf-dist/tex/latex/amsmath/amsbsy.sty
Package: amsbsy 1999/11/29 v1.2d
\pmbraise@=\dimen105
)
(/usr/share/texlive/texmf-dist/tex/latex/amsmath/amsopn.sty
Package: amsopn 1999/12/14 v2.01 operator names
)
\inf@bad=\count79
LaTeX Info: Redefining \frac on input line 210.
\uproot@=\count80
\leftroot@=\count81
LaTeX Info: Redefining \overline on input line 306.
\classnum@=\count82
\DOTSCASE@=\count83
LaTeX Info: Redefining \ldots on input line 378.
LaTeX Info: Redefining \dots on input line 381.
LaTeX Info: Redefining \cdots on input line 466.
\Mathstrutbox@=\box26
\strutbox@=\box27
\big@size=\dimen106
LaTeX Font Info:    Redeclaring font encoding OML on input line 566.
LaTeX Font Info:    Redeclaring font encoding OMS on input line 567.
\macc@depth=\count84
\c@MaxMatrixCols=\count85
\dotsspace@=\muskip10
\c@parentequation=\count86
\dspbrk@lvl=\count87
\tag@help=\toks15
\row@=\count88
\column@=\count89
\maxfields@=\count90
\andhelp@=\toks16
\eqnshift@=\dimen107
\alignsep@=\dimen108
\tagshift@=\dimen109
\tagwidth@=\dimen110
\totwidth@=\dimen111
\lineht@=\dimen112
\@envbody=\toks17
\multlinegap=\skip43
\multlinetaggap=\skip44
\mathdisplay@stack=\toks18
LaTeX Info: Redefining \[ on input line 2665.
LaTeX Info: Redefining \] on input line 2666.
)
LaTeX Font Info:    Try loading font information for U+msa on input line 367.

(/usr/share/texlive/texmf-dist/tex/latex/amsfonts/umsa.fd
File: umsa.fd 2013/01/14 v3.01 AMS symbols A
)
(/usr/share/texlive/texmf-dist/tex/latex/amsfonts/amsfonts.sty
Package: amsfonts 2013/01/14 v3.01 Basic AMSFonts support
\symAMSa=\mathgroup4
\symAMSb=\mathgroup5
LaTeX Font Info:    Overwriting math alphabet `\mathfrak' in version `bold'
(Font)                  U/euf/m/n --> U/euf/b/n on input line 106.
)
\copyins=\insert233
\abstractbox=\box28
\listisep=\skip45
\c@part=\count91
\c@chapter=\count92
\c@section=\count93
\c@subsection=\count94
\c@subsubsection=\count95
\c@paragraph=\count96
\c@subparagraph=\count97
\c@figure=\count98
\c@table=\count99
\abovecaptionskip=\skip46
\belowcaptionskip=\skip47
\captionindent=\dimen113
\thm@style=\toks19
\thm@bodyfont=\toks20
\thm@headfont=\toks21
\thm@notefont=\toks22
\thm@headpunct=\toks23
\thm@preskip=\skip48
\thm@postskip=\skip49
\thm@headsep=\skip50
\dth@everypar=\toks24
)
(/usr/share/texlive/texmf-dist/tex/latex/geometry/geometry.sty
Package: geometry 2010/09/12 v5.6 Page Geometry

(/usr/share/texlive/texmf-dist/tex/latex/graphics/keyval.sty
Package: keyval 1999/03/16 v1.13 key=value parser (DPC)
\KV@toks@=\toks25
)
(/usr/share/texlive/texmf-dist/tex/generic/oberdiek/ifpdf.sty
Package: ifpdf 2011/01/30 v2.3 Provides the ifpdf switch (HO)
Package ifpdf Info: pdfTeX in PDF mode is detected.
)
(/usr/share/texlive/texmf-dist/tex/generic/oberdiek/ifvtex.sty
Package: ifvtex 2010/03/01 v1.5 Detect VTeX and its facilities (HO)
Package ifvtex Info: VTeX not detected.
)
(/usr/share/texlive/texmf-dist/tex/generic/ifxetex/ifxetex.sty
Package: ifxetex 2010/09/12 v0.6 Provides ifxetex conditional
)
\Gm@cnth=\count100
\Gm@cntv=\count101
\c@Gm@tempcnt=\count102
\Gm@bindingoffset=\dimen114
\Gm@wd@mp=\dimen115
\Gm@odd@mp=\dimen116
\Gm@even@mp=\dimen117
\Gm@layoutwidth=\dimen118
\Gm@layoutheight=\dimen119
\Gm@layouthoffset=\dimen120
\Gm@layoutvoffset=\dimen121
\Gm@dimlist=\toks26
)
(/usr/share/texlive/texmf-dist/tex/latex/graphics/lscape.sty
Package: lscape 2000/10/22 v3.01 Landscape Pages (DPC)

(/usr/share/texlive/texmf-dist/tex/latex/graphics/graphics.sty
Package: graphics 2009/02/05 v1.0o Standard LaTeX Graphics (DPC,SPQR)

(/usr/share/texlive/texmf-dist/tex/latex/graphics/trig.sty
Package: trig 1999/03/16 v1.09 sin cos tan (DPC)
)
(/usr/share/texlive/texmf-dist/tex/latex/latexconfig/graphics.cfg
File: graphics.cfg 2010/04/23 v1.9 graphics configuration of TeX Live
)
Package graphics Info: Driver file: pdftex.def on input line 91.

(/usr/share/texlive/texmf-dist/tex/latex/pdftex-def/pdftex.def
File: pdftex.def 2011/05/27 v0.06d Graphics/color for pdfTeX

(/usr/share/texlive/texmf-dist/tex/generic/oberdiek/infwarerr.sty
Package: infwarerr 2010/04/08 v1.3 Providing info/warning/error messages (HO)
)
(/usr/share/texlive/texmf-dist/tex/generic/oberdiek/ltxcmds.sty
Package: ltxcmds 2011/11/09 v1.22 LaTeX kernel commands for general use (HO)
)
\Gread@gobject=\count103
)))
(/usr/share/texlive/texmf-dist/tex/latex/float/float.sty
Package: float 2001/11/08 v1.3d Float enhancements (AL)
\c@float@type=\count104
\float@exts=\toks27
\float@box=\box29
\@float@everytoks=\toks28
\@floatcapt=\box30
)
(/usr/share/texlive/texmf-dist/tex/latex/tools/afterpage.sty
Package: afterpage 1995/10/27 v1.08 After-Page Package (DPC)
\AP@output=\toks29
\AP@partial=\box31
\AP@footins=\box32
)
(/usr/share/texlive/texmf-dist/tex/latex/environ/environ.sty
Package: environ 2013/04/01 v0.3 A new environment syntax

(/usr/share/texlive/texmf-dist/tex/latex/trimspaces/trimspaces.sty
Package: trimspaces 2009/09/17 v1.1 Trim spaces around a token list
))
(/usr/share/texlive/texmf-dist/tex/latex/setspace/setspace.sty
Package: setspace 2011/12/19 v6.7a set line spacing
)
(/usr/share/texlive/texmf-dist/tex/latex/graphics/graphicx.sty
Package: graphicx 1999/02/16 v1.0f Enhanced LaTeX Graphics (DPC,SPQR)
\Gin@req@height=\dimen122
\Gin@req@width=\dimen123
)
(/usr/share/texlive/texmf-dist/tex/latex/natbib/natbib.sty
Package: natbib 2010/09/13 8.31b (PWD, AO)
\bibhang=\skip51
\bibsep=\skip52
LaTeX Info: Redefining \cite on input line 694.
\c@NAT@ctr=\count105
)
\ackbox=\box33
)
(/usr/share/texlive/texmf-dist/tex/latex/lipsum/lipsum.sty
Package: lipsum 2011/04/14 v1.2 150 paragraphs of Lorem Ipsum dummy text
\c@lips@count=\count106
)
(/usr/share/texlive/texmf-dist/tex/latex/graphics/color.sty
Package: color 2005/11/14 v1.0j Standard LaTeX Color (DPC)

(/usr/share/texlive/texmf-dist/tex/latex/latexconfig/color.cfg
File: color.cfg 2007/01/18 v1.5 color configuration of teTeX/TeXLive
)
Package color Info: Driver file: pdftex.def on input line 130.
)
(/usr/share/texmf/tex/latex/xcolor/xcolor.sty
Package: xcolor 2007/01/21 v2.11 LaTeX color extensions (UK)

(/usr/share/texlive/texmf-dist/tex/latex/latexconfig/color.cfg
File: color.cfg 2007/01/18 v1.5 color configuration of teTeX/TeXLive
)
Package xcolor Info: Driver file: pdftex.def on input line 225.
LaTeX Info: Redefining \color on input line 702.
Package xcolor Info: Model `cmy' substituted by `cmy0' on input line 1337.
Package xcolor Info: Model `hsb' substituted by `rgb' on input line 1341.
Package xcolor Info: Model `RGB' extended on input line 1353.
Package xcolor Info: Model `HTML' substituted by `rgb' on input line 1355.
Package xcolor Info: Model `Hsb' substituted by `hsb' on input line 1356.
Package xcolor Info: Model `tHsb' substituted by `hsb' on input line 1357.
Package xcolor Info: Model `HSB' substituted by `hsb' on input line 1358.
Package xcolor Info: Model `Gray' substituted by `gray' on input line 1359.
Package xcolor Info: Model `wave' substituted by `hsb' on input line 1360.
)
(/usr/share/texlive/texmf-dist/tex/latex/braket/braket.sty)
(/usr/share/texlive/texmf-dist/tex/latex/bezos/accents.sty
Package: accents 2006/05/12 v1.3 Math Accent Tools
\cc@skew=\dimen124
\cc@wd=\dimen125
\cc@code=\count107
\cc@group=\count108
\cc@skewchar=\count109
)
(/usr/share/texlive/texmf-dist/tex/latex/nowidow/nowidow.sty
Package: nowidow 2011/09/20 1.0 Easily prevent widows and orphans
Package: nowidow 

(/usr/share/texlive/texmf-dist/tex/latex/oberdiek/kvoptions.sty
Package: kvoptions 2011/06/30 v3.11 Key value format for package options (HO)

(/usr/share/texlive/texmf-dist/tex/generic/oberdiek/kvsetkeys.sty
Package: kvsetkeys 2012/04/25 v1.16 Key value parser (HO)

(/usr/share/texlive/texmf-dist/tex/generic/oberdiek/etexcmds.sty
Package: etexcmds 2011/02/16 v1.5 Avoid name clashes with e-TeX commands (HO)

(/usr/share/texlive/texmf-dist/tex/generic/oberdiek/ifluatex.sty
Package: ifluatex 2010/03/01 v1.3 Provides the ifluatex switch (HO)
Package ifluatex Info: LuaTeX not detected.
)
Package etexcmds Info: Could not find \expanded.
(etexcmds)             That can mean that you are not using pdfTeX 1.50 or
(etexcmds)             that some package has redefined \expanded.
(etexcmds)             In the latter case, load this package earlier.
))))
(/usr/share/texlive/texmf-dist/tex/latex/wrapfig/wrapfig.sty
\wrapoverhang=\dimen126
\WF@size=\dimen127
\c@WF@wrappedlines=\count110
\WF@box=\box34
\WF@everypar=\toks30
Package: wrapfig 2003/01/31  v 3.6
)

LaTeX Warning: Unused global option(s):
    [PhD].

(./thesis_walton.aux)
\openout1 = `thesis_walton.aux'.

LaTeX Font Info:    Checking defaults for OML/cmm/m/it on input line 58.
LaTeX Font Info:    ... okay on input line 58.
LaTeX Font Info:    Checking defaults for T1/cmr/m/n on input line 58.
LaTeX Font Info:    ... okay on input line 58.
LaTeX Font Info:    Checking defaults for OT1/cmr/m/n on input line 58.
LaTeX Font Info:    ... okay on input line 58.
LaTeX Font Info:    Checking defaults for OMS/cmsy/m/n on input line 58.
LaTeX Font Info:    ... okay on input line 58.
LaTeX Font Info:    Checking defaults for OMX/cmex/m/n on input line 58.
LaTeX Font Info:    ... okay on input line 58.
LaTeX Font Info:    Checking defaults for U/cmr/m/n on input line 58.
LaTeX Font Info:    ... okay on input line 58.
LaTeX Font Info:    Try loading font information for U+msa on input line 58.
 (/usr/share/texlive/texmf-dist/tex/latex/amsfonts/umsa.fd
File: umsa.fd 2013/01/14 v3.01 AMS symbols A
)
LaTeX Font Info:    Try loading font information for U+msb on input line 58.
 (/usr/share/texlive/texmf-dist/tex/latex/amsfonts/umsb.fd
File: umsb.fd 2013/01/14 v3.01 AMS symbols B
)
*geometry* driver: auto-detecting
*geometry* detected driver: pdftex
*geometry* verbose mode - [ preamble ] result:
* driver: pdftex
* paper: <default>
* layout: <same size as paper>
* layoutoffset:(h,v)=(0.0pt,0.0pt)
* modes: 
* h-part:(L,W,R)=(72.26999pt, 469.75502pt, 72.26999pt)
* v-part:(T,H,B)=(72.26999pt, 650.43001pt, 72.26999pt)
* \paperwidth=614.295pt
* \paperheight=794.96999pt
* \textwidth=469.75502pt
* \textheight=650.43001pt
* \oddsidemargin=0.0pt
* \evensidemargin=0.0pt
* \topmargin=-22.0pt
* \headheight=8.0pt
* \headsep=14.0pt
* \topskip=10.0pt
* \footskip=18.0pt
* \marginparwidth=90.0pt
* \marginparsep=11.0pt
* \columnsep=10.0pt
* \skip\footins=7.0pt plus 11.0pt
* \hoffset=0.0pt
* \voffset=0.0pt
* \mag=1000
* \@twocolumnfalse
* \@twosidefalse
* \@mparswitchfalse
* \@reversemarginfalse
* (1in=72.27pt=25.4mm, 1cm=28.453pt)

(/usr/share/texlive/texmf-dist/tex/context/base/supp-pdf.mkii
[Loading MPS to PDF converter (version 2006.09.02).]
\scratchcounter=\count111
\scratchdimen=\dimen128
\scratchbox=\box35
\nofMPsegments=\count112
\nofMParguments=\count113
\everyMPshowfont=\toks31
\MPscratchCnt=\count114
\MPscratchDim=\dimen129
\MPnumerator=\count115
\makeMPintoPDFobject=\count116
\everyMPtoPDFconversion=\toks32
) (/usr/share/texlive/texmf-dist/tex/generic/oberdiek/pdftexcmds.sty
Package: pdftexcmds 2011/11/29 v0.20 Utility functions of pdfTeX for LuaTeX (HO
)
Package pdftexcmds Info: LuaTeX not detected.
Package pdftexcmds Info: \pdf@primitive is available.
Package pdftexcmds Info: \pdf@ifprimitive is available.
Package pdftexcmds Info: \pdfdraftmode found.
)
(/usr/share/texlive/texmf-dist/tex/latex/oberdiek/epstopdf-base.sty
Package: epstopdf-base 2010/02/09 v2.5 Base part for package epstopdf

(/usr/share/texlive/texmf-dist/tex/latex/oberdiek/grfext.sty
Package: grfext 2010/08/19 v1.1 Manage graphics extensions (HO)

(/usr/share/texlive/texmf-dist/tex/generic/oberdiek/kvdefinekeys.sty
Package: kvdefinekeys 2011/04/07 v1.3 Define keys (HO)
))
Package grfext Info: Graphics extension search list:
(grfext)             [.png,.pdf,.jpg,.mps,.jpeg,.jbig2,.jb2,.PNG,.PDF,.JPG,.JPE
G,.JBIG2,.JB2,.eps]
(grfext)             \AppendGraphicsExtensions on input line 452.

(/usr/share/texlive/texmf-dist/tex/latex/latexconfig/epstopdf-sys.cfg
File: epstopdf-sys.cfg 2010/07/13 v1.3 Configuration of (r)epstopdf for TeX Liv
e
))
(./abstract.tex) (./acknowledgements.tex)
Underfull \hbox (badness 10000) in paragraph at lines 73--73

 []

[0




{/var/lib/texmf/fonts/map/pdftex/updmap/pdftex.map}] [1] [2

] [3

]
(./dedication.tex) [4]
Table of Contents
(./thesis_walton.toc [5


])
\tf@toc=\write3
\openout3 = `thesis_walton.toc'.

 [6] (./chapter_intro_b.tex
Chapter 1

Underfull \vbox (badness 10000) has occurred while \output is active []

 [1




]
Missing character: There is no â in font cmr12!
Missing character: There is no € in font cmr12!
Missing character: There is no “ in font cmr12!
Missing character: There is no â in font cmr12!
Missing character: There is no € in font cmr12!
Missing character: There is no “ in font cmr12!

[2]
Underfull \vbox (badness 10000) has occurred while \output is active []

 [3]
<figures/hierarchy_alterred.png, id=45, 337.26pt x 276.28218pt>
File: figures/hierarchy_alterred.png Graphic file (type png)

<use figures/hierarchy_alterred.png>
Package pdftex.def Info: figures/hierarchy_alterred.png used on input line 114.

(pdftex.def)             Requested size: 234.8775pt x 192.41393pt.

Underfull \vbox (badness 10000) has occurred while \output is active []

 [4]
Underfull \vbox (badness 10000) has occurred while \output is active []

 [5 <./figures/hierarchy_alterred.png>]
<figures/feynman_2nu_quarks.png, id=55, 526.96875pt x 637.63219pt>
File: figures/feynman_2nu_quarks.png Graphic file (type png)

<use figures/feynman_2nu_quarks.png>
Package pdftex.def Info: figures/feynman_2nu_quarks.png used on input line 131.

(pdftex.def)             Requested size: 164.41711pt x 198.94823pt.

<figures/feynman_0nu_quarks.png, id=56, 526.96875pt x 637.63219pt>
File: figures/feynman_0nu_quarks.png Graphic file (type png)

<use figures/feynman_0nu_quarks.png>
Package pdftex.def Info: figures/feynman_0nu_quarks.png used on input line 135.

(pdftex.def)             Requested size: 164.41711pt x 198.94823pt.
 [6 <./figures/feynman_2nu_quarks.png> <./figures/feynman_0nu_quarks.png>]
<figures/spectrum_bb.png, id=63, 434.37282pt x 289.08pt>
File: figures/spectrum_bb.png Graphic file (type png)

<use figures/spectrum_bb.png>
Package pdftex.def Info: figures/spectrum_bb.png used on input line 171.
(pdftex.def)             Requested size: 234.8775pt x 156.317pt.

Underfull \vbox (badness 10000) has occurred while \output is active []

 [7 <./figures/spectrum_bb.png>] [8]
<figures/cleanroom.png, id=71, 851.43094pt x 587.94656pt>
File: figures/cleanroom.png Graphic file (type png)

<use figures/cleanroom.png>
Package pdftex.def Info: figures/cleanroom.png used on input line 195.
(pdftex.def)             Requested size: 422.77664pt x 291.94504pt.

Underfull \vbox (badness 10000) has occurred while \output is active []

 [9 <./figures/cleanroom.png>] <figures/TPC.png, id=75, 563.10374pt x 538.26094
pt>
File: figures/TPC.png Graphic file (type png)

<use figures/TPC.png>
Package pdftex.def Info: figures/TPC.png used on input line 204.
(pdftex.def)             Requested size: 422.77664pt x 404.13002pt.

Underfull \vbox (badness 2799) has occurred while \output is active []

 [10 <./figures/TPC.png>] <figures/TPCphoto.jpeg, id=79, 2055.68pt x 1541.76pt>
File: figures/TPCphoto.jpeg Graphic file (type jpg)

<use figures/TPCphoto.jpeg>
Package pdftex.def Info: figures/TPCphoto.jpeg used on input line 219.
(pdftex.def)             Requested size: 422.77664pt x 317.07443pt.

<figures/anodecathodedriftcharges.png, id=80, 722.7pt x 542.025pt>
File: figures/anodecathodedriftcharges.png Graphic file (type png)

<use figures/anodecathodedriftcharges.png>
Package pdftex.def Info: figures/anodecathodedriftcharges.png used on input lin
e 226.
(pdftex.def)             Requested size: 328.82707pt x 246.62175pt.

Underfull \vbox (badness 10000) has occurred while \output is active []

 [11]
[12 <./figures/TPCphoto.jpeg> <./figures/anodecathodedriftcharges.png>]
<figures/0nu_spectrum_nature.png, id=88, 795.72281pt x 675.27281pt>
File: figures/0nu_spectrum_nature.png Graphic file (type png)

<use figures/0nu_spectrum_nature.png>
Package pdftex.def Info: figures/0nu_spectrum_nature.png used on input line 239
.
(pdftex.def)             Requested size: 446.26582pt x 378.7066pt.
 [13]
<figures/sensitivity_v2.png, id=92, 519.44063pt x 511.15968pt>
File: figures/sensitivity_v2.png Graphic file (type png)

<use figures/sensitivity_v2.png>
Package pdftex.def Info: figures/sensitivity_v2.png used on input line 252.
(pdftex.def)             Requested size: 422.77664pt x 416.03377pt.

<figures/nEXO_cryopit.png, id=93, 519.44063pt x 615.0478pt>
File: figures/nEXO_cryopit.png Graphic file (type png)

<use figures/nEXO_cryopit.png>
Package pdftex.def Info: figures/nEXO_cryopit.png used on input line 261.
(pdftex.def)             Requested size: 328.82707pt x 389.34976pt.

Underfull \vbox (badness 1997) has occurred while \output is active []

 [14 <./figures/0nu_spectrum_nature.png>]
<figures/nEXO_readout.png, id=97, 1064.47687pt x 606.76688pt>
File: figures/nEXO_readout.png Graphic file (type png)

<use figures/nEXO_readout.png>
Package pdftex.def Info: figures/nEXO_readout.png used on input line 268.
(pdftex.def)             Requested size: 328.82707pt x 187.42917pt.
 [15 <./figures/sensitivity_v2.png>] [16 <./figures/nEXO_cryopit.png> <./figure
s/nEXO_readout.png>]
<figures/probe_flat.png, id=107, 384.6872pt x 626.34pt>
File: figures/probe_flat.png Graphic file (type png)

<use figures/probe_flat.png>
Package pdftex.def Info: figures/probe_flat.png used on input line 285.
(pdftex.def)             Requested size: 234.8775pt x 382.43001pt.

Underfull \vbox (badness 10000) has occurred while \output is active []

 [17])
(./chapter_theory.tex [18 <./figures/probe_flat.png>]
Chapter 2
<figures/elevs.png, id=115, 1799.22188pt x 606.76688pt>
File: figures/elevs.png Graphic file (type png)

<use figures/elevs.png>
Package pdftex.def Info: figures/elevs.png used on input line 13.
(pdftex.def)             Requested size: 422.77664pt x 142.57172pt.
 [19


 <./figures/elevs.png>] [20]
<figures/FranckCondon.png, id=123, 743.77875pt x 612.78937pt>
File: figures/FranckCondon.png Graphic file (type png)

<use figures/FranckCondon.png>
Package pdftex.def Info: figures/FranckCondon.png used on input line 56.
(pdftex.def)             Requested size: 328.82707pt x 270.9185pt.

<figures/Ba_in_SAr.png, id=124, 934.99312pt x 643.6547pt>
File: figures/Ba_in_SAr.png Graphic file (type png)

<use figures/Ba_in_SAr.png>
Package pdftex.def Info: figures/Ba_in_SAr.png used on input line 67.
(pdftex.def)             Requested size: 328.82707pt x 226.36287pt.

Underfull \vbox (badness 10000) has occurred while \output is active []

 [21 <./figures/FranckCondon.png>]
Underfull \vbox (badness 3690) has occurred while \output is active []

 [22 <./figures/Ba_in_SAr.png>]) (./chapter_apparatus.tex [23]
Chapter 3
<figures/ionBeam.png, id=135, 1770.615pt x 335.75438pt>
File: figures/ionBeam.png Graphic file (type png)

<use figures/ionBeam.png>
Package pdftex.def Info: figures/ionBeam.png used on input line 17.
(pdftex.def)             Requested size: 1770.6107pt x 335.75356pt.
 [24


] [25 <./figures/ionBeam.png>]
<figures/ionSource.png, id=144, 914.66719pt x 498.36188pt>
File: figures/ionSource.png Graphic file (type png)

<use figures/ionSource.png>
Package pdftex.def Info: figures/ionSource.png used on input line 30.
(pdftex.def)             Requested size: 446.26582pt x 243.15004pt.

Underfull \vbox (badness 1688) has occurred while \output is active []

 [26 <./figures/ionSource.png>] <figures/ExB.png, id=148, 730.98094pt x 585.688
13pt>
File: figures/ExB.png Graphic file (type png)

<use figures/ExB.png>
Package pdftex.def Info: figures/ExB.png used on input line 51.
(pdftex.def)             Requested size: 328.82707pt x 263.46785pt.
 [27 <./figures/ExB.png>]
Underfull \vbox (badness 10000) has occurred while \output is active []

 [28]
<figures/pulsing_circuit.png, id=156, 712.91344pt x 508.14844pt>
File: figures/pulsing_circuit.png Graphic file (type png)

<use figures/pulsing_circuit.png>
Package pdftex.def Info: figures/pulsing_circuit.png used on input line 75.
(pdftex.def)             Requested size: 399.29463pt x 284.6077pt.

Underfull \vbox (badness 10000) has occurred while \output is active []

 [29 <./figures/pulsing_circuit.png>]
<figures/pulse_ind_cup3_raw.png, id=161, 523.9575pt x 505.89pt>
File: figures/pulse_ind_cup3_raw.png Graphic file (type png)

<use figures/pulse_ind_cup3_raw.png>
Package pdftex.def Info: figures/pulse_ind_cup3_raw.png used on input line 93.
(pdftex.def)             Requested size: 230.18253pt x 222.2449pt.

<figures/pulse_ind_cup3_shaped.png, id=162, 523.9575pt x 505.89pt>
File: figures/pulse_ind_cup3_shaped.png Graphic file (type png)

<use figures/pulse_ind_cup3_shaped.png>
Package pdftex.def Info: figures/pulse_ind_cup3_shaped.png used on input line 9
7.
(pdftex.def)             Requested size: 230.18253pt x 222.2449pt.

Underfull \vbox (badness 5802) has occurred while \output is active []

 [30 <./figures/pulse_ind_cup3_raw.png> <./figures/pulse_ind_cup3_shaped.png>]
<figures/pulses_BaAr.png, id=169, 520.19344pt x 462.97969pt>
File: figures/pulses_BaAr.png Graphic file (type png)

<use figures/pulses_BaAr.png>
Package pdftex.def Info: figures/pulses_BaAr.png used on input line 107.
(pdftex.def)             Requested size: 328.82707pt x 292.6607pt.
 [31 <./figures/pulses_BaAr.png>]
<figures/window_etc_justBa.png, id=174, 628.59843pt x 488.57532pt>
File: figures/window_etc_justBa.png Graphic file (type png)

<use figures/window_etc_justBa.png>
Package pdftex.def Info: figures/window_etc_justBa.png used on input line 133.
(pdftex.def)             Requested size: 352.31625pt x 273.83142pt.

Underfull \vbox (badness 10000) has occurred while \output is active []

 [32]
<figures/fringe_setup.png, id=178, 599.99156pt x 554.82281pt>
File: figures/fringe_setup.png Graphic file (type png)

<use figures/fringe_setup.png>
Package pdftex.def Info: figures/fringe_setup.png used on input line 152.
(pdftex.def)             Requested size: 187.89914pt x 173.7542pt.

<figures/fringes_52K_vs_11K.png, id=179, 798.985pt x 523.9575pt>
File: figures/fringes_52K_vs_11K.png Graphic file (type png)

<use figures/fringes_52K_vs_11K.png>
Package pdftex.def Info: figures/fringes_52K_vs_11K.png used on input line 159.

(pdftex.def)             Requested size: 234.8775pt x 154.03046pt.

<figures/fringes_52K_vs_11K_statistics.png, id=180, 798.985pt x 523.9575pt>
File: figures/fringes_52K_vs_11K_statistics.png Graphic file (type png)

<use figures/fringes_52K_vs_11K_statistics.png>
Package pdftex.def Info: figures/fringes_52K_vs_11K_statistics.png used on inpu
t line 161.
(pdftex.def)             Requested size: 234.8775pt x 154.03046pt.

Overfull \hbox (2.61107pt too wide) in paragraph at lines 159--162
 [][] [] 
 []


Underfull \vbox (badness 3803) has occurred while \output is active []

 [33 <./figures/window_etc_justBa.png>]
<figures/fringes_dep_and_melt.png, id=185, 802.49812pt x 365.11406pt>
File: figures/fringes_dep_and_melt.png Graphic file (type png)

<use figures/fringes_dep_and_melt.png>
Package pdftex.def Info: figures/fringes_dep_and_melt.png used on input line 17
0.
(pdftex.def)             Requested size: 422.77664pt x 192.3563pt.

Underfull \vbox (badness 5008) has occurred while \output is active []

 [34 <./figures/fringe_setup.png> <./figures/fringes_52K_vs_11K.png> <./figures
/fringes_52K_vs_11K_statistics.png>]
<figures/window_etc_justOptics.png, id=189, 582.67688pt x 600.74437pt>
File: figures/window_etc_justOptics.png Graphic file (type png)

<use figures/window_etc_justOptics.png>
Package pdftex.def Info: figures/window_etc_justOptics.png used on input line 1
85.
(pdftex.def)             Requested size: 328.82707pt x 339.02704pt.
 [35 <./figures/fringes_dep_and_melt.png>] <figures/DFairbank_aber.png, id=194,
 1012.5328pt x 298.11375pt>
File: figures/DFairbank_aber.png Graphic file (type png)

<use figures/DFairbank_aber.png>
Package pdftex.def Info: figures/DFairbank_aber.png used on input line 194.
(pdftex.def)             Requested size: 328.82707pt x 96.81303pt.

Underfull \vbox (badness 10000) has occurred while \output is active []

 [36 <./figures/window_etc_justOptics.png>] [37 <./figures/DFairbank_aber.png>]

<figures/astig_thesis_2Dgaus_run35.png, id=203, 599.23875pt x 581.17125pt>
File: figures/astig_thesis_2Dgaus_run35.png Graphic file (type png)

<use figures/astig_thesis_2Dgaus_run35.png>
Package pdftex.def Info: figures/astig_thesis_2Dgaus_run35.png used on input li
ne 207.
(pdftex.def)             Requested size: 155.02pt x 150.33832pt.

<figures/astig_thesis_2Dgaus_run39.png, id=204, 599.23875pt x 581.17125pt>
File: figures/astig_thesis_2Dgaus_run39.png Graphic file (type png)

<use figures/astig_thesis_2Dgaus_run39.png>
Package pdftex.def Info: figures/astig_thesis_2Dgaus_run39.png used on input li
ne 209.
(pdftex.def)             Requested size: 155.02pt x 150.33832pt.

<figures/astig_thesis_2Dgaus_run43.png, id=205, 599.23875pt x 581.17125pt>
File: figures/astig_thesis_2Dgaus_run43.png Graphic file (type png)

<use figures/astig_thesis_2Dgaus_run43.png>
Package pdftex.def Info: figures/astig_thesis_2Dgaus_run43.png used on input li
ne 211.
(pdftex.def)             Requested size: 155.02pt x 150.33832pt.

<figures/astigcorr_curve_no-corr_806.png, id=206, 798.985pt x 774.895pt>
File: figures/astigcorr_curve_no-corr_806.png Graphic file (type png)

<use figures/astigcorr_curve_no-corr_806.png>
Package pdftex.def Info: figures/astigcorr_curve_no-corr_806.png used on input 
line 212.
(pdftex.def)             Requested size: 211.38832pt x 205.01512pt.

<figures/astigcorr_curve_corr_10deg.png, id=207, 798.985pt x 774.895pt>
File: figures/astigcorr_curve_corr_10deg.png Graphic file (type png)

<use figures/astigcorr_curve_corr_10deg.png>
Package pdftex.def Info: figures/astigcorr_curve_corr_10deg.png used on input l
ine 214.
(pdftex.def)             Requested size: 211.38832pt x 205.01512pt.

<figures/astigcorr_curve_corr_13deg.png, id=208, 798.985pt x 774.895pt>
File: figures/astigcorr_curve_corr_13deg.png Graphic file (type png)

<use figures/astigcorr_curve_corr_13deg.png>
Package pdftex.def Info: figures/astigcorr_curve_corr_13deg.png used on input l
ine 215.
(pdftex.def)             Requested size: 211.38832pt x 205.01512pt.

<figures/astigcorr_curve_corr_9-16.png, id=209, 798.985pt x 774.895pt>
File: figures/astigcorr_curve_corr_9-16.png Graphic file (type png)

<use figures/astigcorr_curve_corr_9-16.png>
Package pdftex.def Info: figures/astigcorr_curve_corr_9-16.png used on input li
ne 217.
(pdftex.def)             Requested size: 211.38832pt x 205.01512pt.

Underfull \vbox (badness 1642) has occurred while \output is active []

 [38]
[39 <./figures/astig_thesis_2Dgaus_run35.png> <./figures/astig_thesis_2Dgaus_ru
n39.png> <./figures/astig_thesis_2Dgaus_run43.png> <./figures/astigcorr_curve_n
o-corr_806.png> <./figures/astigcorr_curve_corr_10deg.png> <./figures/astigcorr
_curve_corr_13deg.png> <./figures/astigcorr_curve_corr_9-16.png>]
<figures/image_dustspot.png, id=220, 1019.81pt x 1015.795pt>
File: figures/image_dustspot.png Graphic file (type png)

<use figures/image_dustspot.png>
Package pdftex.def Info: figures/image_dustspot.png used on input line 263.
(pdftex.def)             Requested size: 281.85587pt x 280.74722pt.
 [40]
Underfull \vbox (badness 3838) has occurred while \output is active []

 [41 <./figures/image_dustspot.png>]
<figures/cryovibes_a.png, id=227, 1019.81pt x 674.52pt>
File: figures/cryovibes_a.png Graphic file (type png)

<use figures/cryovibes_a.png>
Package pdftex.def Info: figures/cryovibes_a.png used on input line 275.
(pdftex.def)             Requested size: 234.8775pt x 155.35248pt.

<figures/cryovibes_b.png, id=228, 1019.81pt x 674.52pt>
File: figures/cryovibes_b.png Graphic file (type png)

<use figures/cryovibes_b.png>
Package pdftex.def Info: figures/cryovibes_b.png used on input line 277.
(pdftex.def)             Requested size: 234.8775pt x 155.35248pt.

Overfull \hbox (2.61107pt too wide) in paragraph at lines 275--278
 [][] [] 
 []

[42 <./figures/cryovibes_a.png> <./figures/cryovibes_b.png>]
<figures/stages_2.JPG, id=233, 266.94731pt x 151.01419pt>
File: figures/stages_2.JPG Graphic file (type jpg)

<use figures/stages_2.JPG>
Package pdftex.def Info: figures/stages_2.JPG used on input line 295.
(pdftex.def)             Requested size: 234.8775pt x 132.87445pt.
) (./chapter_procedure.tex [43 <./figures/stages_2.JPG>]
Chapter 4
<figures/spectra_fit_a.png, id=238, 949.5475pt x 674.52pt>
File: figures/spectra_fit_a.png Graphic file (type png)

<use figures/spectra_fit_a.png>
Package pdftex.def Info: figures/spectra_fit_a.png used on input line 14.
(pdftex.def)             Requested size: 234.8775pt x 166.84901pt.

<figures/spectra_fit_b.png, id=239, 949.5475pt x 674.52pt>
File: figures/spectra_fit_b.png Graphic file (type png)

<use figures/spectra_fit_b.png>
Package pdftex.def Info: figures/spectra_fit_b.png used on input line 16.
(pdftex.def)             Requested size: 234.8775pt x 166.84901pt.

<figures/spectra_fit_c.png, id=240, 949.5475pt x 674.52pt>
File: figures/spectra_fit_c.png Graphic file (type png)

<use figures/spectra_fit_c.png>
Package pdftex.def Info: figures/spectra_fit_c.png used on input line 17.
(pdftex.def)             Requested size: 234.8775pt x 166.84901pt.

<figures/spectra_fit_d.png, id=241, 949.5475pt x 674.52pt>
File: figures/spectra_fit_d.png Graphic file (type png)

<use figures/spectra_fit_d.png>
Package pdftex.def Info: figures/spectra_fit_d.png used on input line 19.
(pdftex.def)             Requested size: 234.8775pt x 166.84901pt.

<figures/spectra_fit_e.png, id=242, 949.5475pt x 674.52pt>
File: figures/spectra_fit_e.png Graphic file (type png)

<use figures/spectra_fit_e.png>
Package pdftex.def Info: figures/spectra_fit_e.png used on input line 20.
(pdftex.def)             Requested size: 234.8775pt x 166.84901pt.

<figures/spectra_fit_f.png, id=243, 949.5475pt x 674.52pt>
File: figures/spectra_fit_f.png Graphic file (type png)

<use figures/spectra_fit_f.png>
Package pdftex.def Info: figures/spectra_fit_f.png used on input line 22.
(pdftex.def)             Requested size: 234.8775pt x 166.84901pt.

Overfull \hbox (2.61107pt too wide) in paragraph at lines 14--23
 [][] [] 
 []


Overfull \hbox (2.61107pt too wide) in paragraph at lines 14--23
 [] [] 
 []


Overfull \hbox (2.61107pt too wide) in paragraph at lines 14--23
 [] [] 
 []

[44


] [45 <./figures/spectra_fit_a.png> <./figures/spectra_fit_b.png> <./figures/sp
ectra_fit_c.png> <./figures/spectra_fit_d.png> <./figures/spectra_fit_e.png> <.
/figures/spectra_fit_f.png>]
<figures/surfaceBG_a.png, id=250, 949.5475pt x 674.52pt>
File: figures/surfaceBG_a.png Graphic file (type png)

<use figures/surfaceBG_a.png>
Package pdftex.def Info: figures/surfaceBG_a.png used on input line 40.
(pdftex.def)             Requested size: 234.8775pt x 166.84901pt.

<figures/surfaceBG_b.png, id=251, 949.5475pt x 674.52pt>
File: figures/surfaceBG_b.png Graphic file (type png)

<use figures/surfaceBG_b.png>
Package pdftex.def Info: figures/surfaceBG_b.png used on input line 42.
(pdftex.def)             Requested size: 234.8775pt x 166.84901pt.

Overfull \hbox (2.61107pt too wide) in paragraph at lines 40--43
 [][] [] 
 []

[46 <./figures/surfaceBG_a.png> <./figures/surfaceBG_b.png>]
<figures/bg_temp_dep.png, id=255, 1019.81pt x 674.52pt>
File: figures/bg_temp_dep.png Graphic file (type png)

<use figures/bg_temp_dep.png>
Package pdftex.def Info: figures/bg_temp_dep.png used on input line 64.
(pdftex.def)             Requested size: 281.85587pt x 186.42502pt.

<figures/Bleach_SurfaceBG_20150807_part1.png, id=256, 899.36pt x 875.27pt>
File: figures/Bleach_SurfaceBG_20150807_part1.png Graphic file (type png)

<use figures/Bleach_SurfaceBG_20150807_part1.png>
Package pdftex.def Info: figures/Bleach_SurfaceBG_20150807_part1.png used on in
put line 71.
(pdftex.def)             Requested size: 187.89914pt x 182.86388pt.

<figures/Cr_a.png, id=257, 949.5475pt x 674.52pt>
File: figures/Cr_a.png Graphic file (type png)
 <use figures/Cr_a.png>
Package pdftex.def Info: figures/Cr_a.png used on input line 78.
(pdftex.def)             Requested size: 234.8775pt x 166.84901pt.

<figures/Cr_b.png, id=258, 712.16063pt x 505.89pt>
File: figures/Cr_b.png Graphic file (type png)
 <use figures/Cr_b.png>
Package pdftex.def Info: figures/Cr_b.png used on input line 80.
(pdftex.def)             Requested size: 234.8775pt x 166.84386pt.

Overfull \hbox (2.61107pt too wide) in paragraph at lines 78--81
 [][] [] 
 []

<figures/Cr_broad.png, id=259, 949.5475pt x 674.52pt>
File: figures/Cr_broad.png Graphic file (type png)

<use figures/Cr_broad.png>
Package pdftex.def Info: figures/Cr_broad.png used on input line 87.
(pdftex.def)             Requested size: 328.82707pt x 233.5845pt.

Underfull \hbox (badness 4416) in paragraph at lines 88--88
\OT1/cmr/m/sc/12 Figure 4.6.\OT1/cmr/m/n/12 Excitation spec-tra for weaker sap-
phire bulk emis-sions
 []


Underfull \vbox (badness 1910) has occurred while \output is active []

 [47 <./figures/bg_temp_dep.png> <./figures/Bleach_SurfaceBG_20150807_part1.png
>] [48 <./figures/Cr_a.png> <./figures/Cr_b.png> <./figures/Cr_broad.png>]
<figures/S_to_B_both.png, id=268, 712.16063pt x 505.89pt>
File: figures/S_to_B_both.png Graphic file (type png)

<use figures/S_to_B_both.png>
Package pdftex.def Info: figures/S_to_B_both.png used on input line 96.
(pdftex.def)             Requested size: 328.82707pt x 233.58449pt.

Underfull \vbox (badness 10000) has occurred while \output is active []

 [49])
(./chapter_results_spectroscopy_b.tex [50 <./figures/S_to_B_both.png>]
Chapter 5
<figures/BaAbs_fromBaSpec.png, id=276, 1177.39874pt x 748.29562pt>
File: figures/BaAbs_fromBaSpec.png Graphic file (type png)

<use figures/BaAbs_fromBaSpec.png>
Package pdftex.def Info: figures/BaAbs_fromBaSpec.png used on input line 14.
(pdftex.def)             Requested size: 328.82707pt x 208.9847pt.

<figures/excitspec_grn_spectra_v3.png, id=277, 949.5475pt x 674.52pt>
File: figures/excitspec_grn_spectra_v3.png Graphic file (type png)

<use figures/excitspec_grn_spectra_v3.png>
Package pdftex.def Info: figures/excitspec_grn_spectra_v3.png used on input lin
e 21.
(pdftex.def)             Requested size: 375.80544pt x 266.95224pt.

<figures/excitspec_grn.png, id=278, 949.5475pt x 674.52pt>
File: figures/excitspec_grn.png Graphic file (type png)

<use figures/excitspec_grn.png>
Package pdftex.def Info: figures/excitspec_grn.png used on input line 22.
(pdftex.def)             Requested size: 375.80544pt x 266.95224pt.
 [51


]
Underfull \vbox (badness 10000) has occurred while \output is active []

 [52 <./figures/BaAbs_fromBaSpec.png>] [53 <./figures/excitspec_grn_spectra_v3.
png> <./figures/excitspec_grn.png>] <figures/Ar_vs_Ba.png, id=288, 949.5475pt x
 674.52pt>
File: figures/Ar_vs_Ba.png Graphic file (type png)

<use figures/Ar_vs_Ba.png>
Package pdftex.def Info: figures/Ar_vs_Ba.png used on input line 47.
(pdftex.def)             Requested size: 234.8775pt x 166.84901pt.

<figures/ArImaging.png, id=289, 949.5475pt x 674.52pt>
File: figures/ArImaging.png Graphic file (type png)

<use figures/ArImaging.png>
Package pdftex.def Info: figures/ArImaging.png used on input line 49.
(pdftex.def)             Requested size: 234.8775pt x 166.84901pt.

Overfull \hbox (2.61107pt too wide) in paragraph at lines 47--50
 [][] [] 
 []

[54 <./figures/Ar_vs_Ba.png> <./figures/ArImaging.png>]
<figures/spectra_temperature_conditions.png, id=294, 712.16063pt x 451.6875pt>
File: figures/spectra_temperature_conditions.png Graphic file (type png)

<use figures/spectra_temperature_conditions.png>
Package pdftex.def Info: figures/spectra_temperature_conditions.png used on inp
ut line 67.
(pdftex.def)             Requested size: 328.82707pt x 208.55759pt.

<figures/619_deposit_temp.png, id=295, 1200.485pt x 674.52pt>
File: figures/619_deposit_temp.png Graphic file (type png)

<use figures/619_deposit_temp.png>
Package pdftex.def Info: figures/619_deposit_temp.png used on input line 74.
(pdftex.def)             Requested size: 375.80544pt x 211.14722pt.


LaTeX Warning: `h' float specifier changed to `ht'.

[55 <./figures/spectra_temperature_conditions.png>]
<figures/spectra_annealing.png, id=300, 691.08188pt x 439.6425pt>
File: figures/spectra_annealing.png Graphic file (type png)

<use figures/spectra_annealing.png>
Package pdftex.def Info: figures/spectra_annealing.png used on input line 93.
(pdftex.def)             Requested size: 328.82707pt x 209.1879pt.

<figures/anneal_577peak_topspace.png, id=301, 712.16063pt x 636.87938pt>
File: figures/anneal_577peak_topspace.png Graphic file (type png)

<use figures/anneal_577peak_topspace.png>
Package pdftex.def Info: figures/anneal_577peak_topspace.png used on input line
 102.
(pdftex.def)             Requested size: 234.8775pt x 210.04451pt.

<figures/anneal_591peak.png, id=302, 949.5475pt x 674.52pt>
File: figures/anneal_591peak.png Graphic file (type png)

<use figures/anneal_591peak.png>
Package pdftex.def Info: figures/anneal_591peak.png used on input line 103.
(pdftex.def)             Requested size: 234.8775pt x 166.84901pt.

<figures/anneal_601peak.png, id=303, 949.5475pt x 674.52pt>
File: figures/anneal_601peak.png Graphic file (type png)

<use figures/anneal_601peak.png>
Package pdftex.def Info: figures/anneal_601peak.png used on input line 105.
(pdftex.def)             Requested size: 234.8775pt x 166.84901pt.

<figures/anneal_619peak.png, id=304, 949.5475pt x 674.52pt>
File: figures/anneal_619peak.png Graphic file (type png)

<use figures/anneal_619peak.png>
Package pdftex.def Info: figures/anneal_619peak.png used on input line 106.
(pdftex.def)             Requested size: 234.8775pt x 166.84901pt.

<figures/anneal_670peak.png, id=305, 949.5475pt x 674.52pt>
File: figures/anneal_670peak.png Graphic file (type png)

<use figures/anneal_670peak.png>
Package pdftex.def Info: figures/anneal_670peak.png used on input line 108.
(pdftex.def)             Requested size: 234.8775pt x 166.84901pt.

Overfull \hbox (2.61107pt too wide) in paragraph at lines 102--109
 [] [] 
 []


Overfull \hbox (2.61107pt too wide) in paragraph at lines 102--109
 [] [] 
 []


Underfull \vbox (badness 3679) has occurred while \output is active []

 [56 <./figures/619_deposit_temp.png>]
Underfull \vbox (badness 10000) has occurred while \output is active []

 [57 <./figures/spectra_annealing.png>] [58 <./figures/anneal_577peak_topspace.
png> <./figures/anneal_591peak.png> <./figures/anneal_601peak.png> <./figures/a
nneal_619peak.png> <./figures/anneal_670peak.png>]
<figures/bleach_spectra_a.png, id=317, 949.5475pt x 674.52pt>
File: figures/bleach_spectra_a.png Graphic file (type png)

<use figures/bleach_spectra_a.png>
Package pdftex.def Info: figures/bleach_spectra_a.png used on input line 138.
(pdftex.def)             Requested size: 234.8775pt x 166.84901pt.

<figures/bleach_spectra_b.png, id=318, 949.5475pt x 674.52pt>
File: figures/bleach_spectra_b.png Graphic file (type png)

<use figures/bleach_spectra_b.png>
Package pdftex.def Info: figures/bleach_spectra_b.png used on input line 139.
(pdftex.def)             Requested size: 234.8775pt x 166.84901pt.

<figures/bleach_spectra_c.png, id=319, 949.5475pt x 674.52pt>
File: figures/bleach_spectra_c.png Graphic file (type png)

<use figures/bleach_spectra_c.png>
Package pdftex.def Info: figures/bleach_spectra_c.png used on input line 141.
(pdftex.def)             Requested size: 234.8775pt x 166.84901pt.

Overfull \hbox (2.61107pt too wide) in paragraph at lines 138--142
 [] [] 
 []


Underfull \vbox (badness 1735) has occurred while \output is active []

 [59 <./figures/bleach_spectra_a.png> <./figures/bleach_spectra_b.png> <./figur
es/bleach_spectra_c.png>] [60]
<figures/619_bleach_summed_per_mW.png, id=327, 1019.81pt x 674.52pt>
File: figures/619_bleach_summed_per_mW.png Graphic file (type png)

<use figures/619_bleach_summed_per_mW.png>
Package pdftex.def Info: figures/619_bleach_summed_per_mW.png used on input lin
e 179.
(pdftex.def)             Requested size: 328.82707pt x 217.48729pt.

<figures/QE_20140626_separate_w.png, id=328, 1200.485pt x 674.52pt>
File: figures/QE_20140626_separate_w.png Graphic file (type png)

<use figures/QE_20140626_separate_w.png>
Package pdftex.def Info: figures/QE_20140626_separate_w.png used on input line 
190.
(pdftex.def)             Requested size: 328.82707pt x 184.75768pt.

Underfull \vbox (badness 1642) has occurred while \output is active []

 [61]
<figures/BaHx_a.png, id=332, 949.5475pt x 674.52pt>
File: figures/BaHx_a.png Graphic file (type png)
 <use figures/BaHx_a.png>
Package pdftex.def Info: figures/BaHx_a.png used on input line 204.
(pdftex.def)             Requested size: 234.8775pt x 166.84901pt.

<figures/BaHx_b.png, id=333, 949.5475pt x 674.52pt>
File: figures/BaHx_b.png Graphic file (type png)
 <use figures/BaHx_b.png>
Package pdftex.def Info: figures/BaHx_b.png used on input line 206.
(pdftex.def)             Requested size: 234.8775pt x 166.84901pt.

Overfull \hbox (2.61107pt too wide) in paragraph at lines 204--207
 [][] [] 
 []


Underfull \vbox (badness 4416) has occurred while \output is active []

 [62 <./figures/619_bleach_summed_per_mW.png> <./figures/QE_20140626_separate_w
.png>]
<figures/excitspecBlue_a.png, id=337, 949.5475pt x 674.52pt>
File: figures/excitspecBlue_a.png Graphic file (type png)

<use figures/excitspecBlue_a.png>
Package pdftex.def Info: figures/excitspecBlue_a.png used on input line 215.
(pdftex.def)             Requested size: 328.82707pt x 233.5845pt.

<figures/excitspecBlue_b.png, id=338, 949.5475pt x 674.52pt>
File: figures/excitspecBlue_b.png Graphic file (type png)

<use figures/excitspecBlue_b.png>
Package pdftex.def Info: figures/excitspecBlue_b.png used on input line 216.
(pdftex.def)             Requested size: 328.82707pt x 233.5845pt.

Underfull \vbox (badness 4001) has occurred while \output is active []

 [63 <./figures/BaHx_a.png> <./figures/BaHx_b.png>] [64 <./figures/excitspecBlu
e_a.png> <./figures/excitspecBlue_b.png>]) (./chapter_results_imaging.tex [65]
Chapter 6

<figures/raw_14-atom_labels_from_paper_1f.png, id=348, 359.84438pt x 706.89093p
t>
File: figures/raw_14-atom_labels_from_paper_1f.png Graphic file (type png)
 <use figures/raw_14-atom_labels_from_paper_1f.png>
Package pdftex.def Info: figures/raw_14-atom_labels_from_paper_1f.png used on i
nput line 13.
(pdftex.def)             Requested size: 187.89914pt x 369.12784pt.

Underfull \vbox (badness 10000) has occurred while \output is active []

 [66


]
<figures/image_1e4.png, id=353, 748.7975pt x 1015.795pt>
File: figures/image_1e4.png Graphic file (type png)

<use figures/image_1e4.png>
Package pdftex.def Info: figures/image_1e4.png used on input line 33.
(pdftex.def)             Requested size: 281.85587pt x 382.36366pt.
 [67 <./figures/raw_14-atom_labels_from_paper_1f.png>]
Underfull \vbox (badness 2142) has occurred while \output is active []

 [68 <./figures/image_1e4.png>]
<figures/lin_20150526.png, id=361, 567.62062pt x 439.6425pt>
File: figures/lin_20150526.png Graphic file (type png)

<use figures/lin_20150526.png>
Package pdftex.def Info: figures/lin_20150526.png used on input line 44.
(pdftex.def)             Requested size: 234.8775pt x 181.91826pt.

<figures/lin_pres_zoom_predictSingleAtom.png, id=362, 568.37344pt x 456.20438pt
>
File: figures/lin_pres_zoom_predictSingleAtom.png Graphic file (type png)
 <use figures/lin_pres_zoom_predictSingleAtom.png>
Package pdftex.def Info: figures/lin_pres_zoom_predictSingleAtom.png used on in
put line 46.
(pdftex.def)             Requested size: 234.8775pt x 188.52771pt.

<figures/lin_vsPulses_all_3x3_pre-165.png, id=363, 1501.61pt x 1015.795pt>
File: figures/lin_vsPulses_all_3x3_pre-165.png Graphic file (type png)

<use figures/lin_vsPulses_all_3x3_pre-165.png>
Package pdftex.def Info: figures/lin_vsPulses_all_3x3_pre-165.png used on input
 line 47.
(pdftex.def)             Requested size: 234.8775pt x 158.88808pt.

<figures/lin_20150526_cut.png, id=364, 362.7954pt x 245.2362pt>
File: figures/lin_20150526_cut.png Graphic file (type png)

<use figures/lin_20150526_cut.png>
Package pdftex.def Info: figures/lin_20150526_cut.png used on input line 49.
(pdftex.def)             Requested size: 234.8775pt x 158.77298pt.

Overfull \hbox (2.61107pt too wide) in paragraph at lines 44--50
 [][] [] 
 []


Overfull \hbox (2.61107pt too wide) in paragraph at lines 44--50
 [] [] 
 []

<figures/lin_corr_20151016.png, id=365, 1019.81pt x 958.58125pt>
File: figures/lin_corr_20151016.png Graphic file (type png)

<use figures/lin_corr_20151016.png>
Package pdftex.def Info: figures/lin_corr_20151016.png used on input line 56.
(pdftex.def)             Requested size: 465.06004pt x 437.13515pt.
 [69 <./figures/lin_20150526.png> <./figures/lin_pres_zoom_predictSingleAtom.pn
g> <./figures/lin_vsPulses_all_3x3_pre-165.png> <./figures/lin_20150526_cut.png
>]
Underfull \vbox (badness 10000) has occurred while \output is active []

 [70 <./figures/lin_corr_20151016.png>]
<figures/train_20150807_v3_runs70_88_81_fromGiorgioFolder.png, id=374, 1001.993
44pt x 761.84625pt>
File: figures/train_20150807_v3_runs70_88_81_fromGiorgioFolder.png Graphic file
 (type png)

<use figures/train_20150807_v3_runs70_88_81_fromGiorgioFolder.png>
Package pdftex.def Info: figures/train_20150807_v3_runs70_88_81_fromGiorgioFold
er.png used on input line 76.
(pdftex.def)             Requested size: 465.06004pt x 353.60385pt.

<figures/xebaxe.png, id=375, 1050.92625pt x 1445.4pt>
File: figures/xebaxe.png Graphic file (type png)
 <use figures/xebaxe.png>
Package pdftex.def Info: figures/xebaxe.png used on input line 83.
(pdftex.def)             Requested size: 446.26582pt x 613.76859pt.


LaTeX Warning: Float too large for page by 2.52666pt on input line 86.


Underfull \vbox (badness 10000) has occurred while \output is active []

 [71]
Underfull \vbox (badness 10000) has occurred while \output is active []

 [72 <./figures/train_20150807_v3_runs70_88_81_fromGiorgioFolder.png>] [73 <./f
igures/xebaxe.png>]) (./chapter_conclusions.tex [74]
Chapter 7
) [75


]
Missing character: There is no â in font cmr12!
Missing character: There is no € in font cmr12!
Missing character: There is no “ in font cmr12!
Missing character: There is no â in font cmr12!
Missing character: There is no € in font cmr12!
Missing character: There is no “ in font cmr12!
 [76] [77] [78] (./thesis_walton.aux) ) 
Here is how much of TeX's memory you used:
 5138 strings out of 493304
 75139 string characters out of 6139871
 233111 words of memory out of 5000000
 8219 multiletter control sequences out of 15000+600000
 13150 words of font info for 50 fonts, out of 8000000 for 9000
 1118 hyphenation exceptions out of 8191
 40i,14n,35p,2376b,402s stack positions out of 5000i,500n,10000p,200000b,80000s
</usr/share/texlive/texmf-dist/fonts/typ
e1/public/amsfonts/cm/cmbx12.pfb></usr/share/texlive/texmf-dist/fonts/type1/pub
lic/amsfonts/cm/cmbxti10.pfb></usr/share/texlive/texmf-dist/fonts/type1/public/
amsfonts/cm/cmcsc10.pfb></usr/share/texlive/texmf-dist/fonts/type1/public/amsfo
nts/cm/cmex10.pfb></usr/share/texlive/texmf-dist/fonts/type1/public/amsfonts/cm
/cmmi12.pfb></usr/share/texlive/texmf-dist/fonts/type1/public/amsfonts/cm/cmmi6
.pfb></usr/share/texlive/texmf-dist/fonts/type1/public/amsfonts/cm/cmmi8.pfb></
usr/share/texlive/texmf-dist/fonts/type1/public/amsfonts/cm/cmr12.pfb></usr/sha
re/texlive/texmf-dist/fonts/type1/public/amsfonts/cm/cmr6.pfb></usr/share/texli
ve/texmf-dist/fonts/type1/public/amsfonts/cm/cmr8.pfb></usr/share/texlive/texmf
-dist/fonts/type1/public/amsfonts/cm/cmr9.pfb></usr/share/texlive/texmf-dist/fo
nts/type1/public/amsfonts/cm/cmsy10.pfb></usr/share/texlive/texmf-dist/fonts/ty
pe1/public/amsfonts/cm/cmsy8.pfb></usr/share/texlive/texmf-dist/fonts/type1/pub
lic/amsfonts/cm/cmti12.pfb></usr/share/texlive/texmf-dist/fonts/type1/public/am
sfonts/cm/cmti8.pfb>
Output written on thesis_walton.pdf (85 pages, 6524631 bytes).
PDF statistics:
 456 PDF objects out of 1000 (max. 8388607)
 236 compressed objects within 3 object streams
 0 named destinations out of 1000 (max. 500000)
 431 words of extra memory for PDF output out of 10000 (max. 10000000)

